<?xml version="1.0" encoding="UTF-8"?>
<testng-results ignored="0" total="1" passed="1" failed="0" skipped="0">
  <reporter-output>
  </reporter-output>
  <suite started-at="2025-11-03T08:59:36 IST" name="Default suite" finished-at="2025-11-03T08:59:53 IST" duration-ms="17350">
    <groups>
    </groups>
    <test started-at="2025-11-03T08:59:36 IST" name="Default test" finished-at="2025-11-03T08:59:53 IST" duration-ms="17350">
      <class name="com.apm.DragnDrop">
        <test-method is-config="true" signature="test()[pri:0, instance:com.apm.DragnDrop@4f6ee6e4]" started-at="2025-11-03T08:59:36 IST" name="test" finished-at="2025-11-03T08:59:45 IST" duration-ms="9315" status="PASS">
          <reporter-output>
          </reporter-output>
        </test-method> <!-- test -->
        <test-method signature="dnd()[pri:0, instance:com.apm.DragnDrop@4f6ee6e4]" started-at="2025-11-03T08:59:45 IST" name="dnd" finished-at="2025-11-03T08:59:53 IST" duration-ms="7938" status="PASS">
          <reporter-output>
          </reporter-output>
        </test-method> <!-- dnd -->
      </class> <!-- com.apm.DragnDrop -->
    </test> <!-- Default test -->
  </suite> <!-- Default suite -->
</testng-results>
